<?xml version="1.0" encoding="UTF-8"?>
<testsuite xmlns:xsi="http://www.w3.org/2001/XMLSchema-instance" xsi:noNamespaceSchemaLocation="https://maven.apache.org/surefire/maven-surefire-plugin/xsd/surefire-test-report-3.0.xsd" version="3.0" name="com.automation.tests.SignInTest" time="692.196" tests="8" errors="0" skipped="0" failures="0">
  <properties>
[...]
</properties>
  <testcase name="testNegativeSignIn[Invalid Password, testuser@example.com, WrongPass](1)" classname="com.automation.tests.SignInTest" time="88.759">
    <system-out><![CDATA[⏭ Skipping resetAppToHomePage for SignInTest - uses custom navigation
✓ Already on Sign In page
]]></system-out>
    <system-err><![CDATA[SLF4J: No SLF4J providers were found.
SLF4J: Defaulting to no-operation (NOP) logger implementation
SLF4J: See https://www.slf4j.org/codes.html#noProviders for further details.
]]></system-err>
  </testcase>
  <testcase name="testNegativeSignIn[Invalid Email Format, testuser, Password@123](2)" classname="com.automation.tests.SignInTest" time="88.449">
    <system-out><![CDATA[⏭ Skipping resetAppToHomePage for SignInTest - uses custom navigation
✓ Already on Sign In page
]]></system-out>
  </testcase>
  <testcase name="testNegativeSignIn[Non-existent Account, notfound@example.com, Password@123](3)" classname="com.automation.tests.SignInTest" time="88.835">
    <system-out><![CDATA[⏭ Skipping resetAppToHomePage for SignInTest - uses custom navigation
✓ Already on Sign In page
]]></system-out>
  </testcase>
  <testcase name="testNegativeSignIn[Empty Email, , Password@123](4)" classname="com.automation.tests.SignInTest" time="81.554">
    <system-out><![CDATA[⏭ Skipping resetAppToHomePage for SignInTest - uses custom navigation
✓ Already on Sign In page
]]></system-out>
  </testcase>
  <testcase name="testNegativeSignIn[Very Short Password, testuser@example.com, 123](5)" classname="com.automation.tests.SignInTest" time="88.934">
    <system-out><![CDATA[⏭ Skipping resetAppToHomePage for SignInTest - uses custom navigation
✓ Already on Sign In page
]]></system-out>
  </testcase>
  <testcase name="testNegativeSignIn[Both Empty, , ](6)" classname="com.automation.tests.SignInTest" time="81.338">
    <system-out><![CDATA[⏭ Skipping resetAppToHomePage for SignInTest - uses custom navigation
✓ Already on Sign In page
]]></system-out>
  </testcase>
  <testcase name="testNegativeSignIn[Special Characters Email, test@#$%@example.com, Password@123](7)" classname="com.automation.tests.SignInTest" time="88.924">
    <system-out><![CDATA[⏭ Skipping resetAppToHomePage for SignInTest - uses custom navigation
✓ Already on Sign In page
]]></system-out>
  </testcase>
  <testcase name="testPositiveSignIn" classname="com.automation.tests.SignInTest" time="39.323">
    <system-out><![CDATA[⏭ Skipping resetAppToHomePage for SignInTest - uses custom navigation
✓ Already on Sign In page
]]></system-out>
  </testcase>
</testsuite>