<?xml version="1.0" encoding="UTF-8"?>
<testsuite xmlns:xsi="http://www.w3.org/2001/XMLSchema-instance" xsi:noNamespaceSchemaLocation="https://maven.apache.org/surefire/maven-surefire-plugin/xsd/surefire-test-report-3.0.xsd" version="3.0" name="com.automation.tests.EditProfileTest" time="1982.143" tests="14" errors="0" skipped="0" failures="2">
  <properties>
[...]
</properties>
  <testcase name="runNegativeThenChangePassword" classname="com.automation.tests.EditProfileTest" time="179.729">
    <failure message="Failed to click Wellbeing Dashboard" type="java.lang.RuntimeException"><![CDATA[java.lang.RuntimeException: Failed to click Wellbeing Dashboard
	at com.automation.tests.EditProfileTest.testNegativeEditProfile(EditProfileTest.java:463)
	at com.automation.tests.EditProfileTest.runNegativeThenChangePassword(EditProfileTest.java:26)
	at java.base/jdk.internal.reflect.DirectMethodHandleAccessor.invoke(DirectMethodHandleAccessor.java:104)
	at java.base/java.lang.reflect.Method.invoke(Method.java:565)
	at org.testng.internal.invokers.MethodInvocationHelper.invokeMethod(MethodInvocationHelper.java:139)
	at org.testng.internal.invokers.TestInvoker.invokeMethod(TestInvoker.java:664)
	at org.testng.internal.invokers.TestInvoker.invokeTestMethod(TestInvoker.java:227)
	at org.testng.internal.invokers.MethodRunner.runInSequence(MethodRunner.java:50)
	at org.testng.internal.invokers.TestInvoker$MethodInvocationAgent.invoke(TestInvoker.java:957)
	at org.testng.internal.invokers.TestInvoker.invokeTestMethods(TestInvoker.java:200)
	at org.testng.internal.invokers.TestMethodWorker.invokeTestMethods(TestMethodWorker.java:148)
	at org.testng.internal.invokers.TestMethodWorker.run(TestMethodWorker.java:128)
	at java.base/java.util.ArrayList.forEach(ArrayList.java:1604)
	at org.testng.TestRunner.privateRun(TestRunner.java:848)
	at org.testng.TestRunner.run(TestRunner.java:621)
	at org.testng.SuiteRunner.runTest(SuiteRunner.java:443)
	at org.testng.SuiteRunner.runSequentially(SuiteRunner.java:437)
	at org.testng.SuiteRunner.privateRun(SuiteRunner.java:397)
	at org.testng.SuiteRunner.run(SuiteRunner.java:336)
	at org.testng.SuiteRunnerWorker.runSuite(SuiteRunnerWorker.java:52)
	at org.testng.SuiteRunnerWorker.run(SuiteRunnerWorker.java:95)
	at org.testng.TestNG.runSuitesSequentially(TestNG.java:1280)
	at org.testng.TestNG.runSuitesLocally(TestNG.java:1200)
	at org.testng.TestNG.runSuites(TestNG.java:1114)
	at org.testng.TestNG.run(TestNG.java:1082)
	at org.apache.maven.surefire.testng.TestNGExecutor.run(TestNGExecutor.java:155)
	at org.apache.maven.surefire.testng.TestNGDirectoryTestSuite.executeSingleClass(TestNGDirectoryTestSuite.java:102)
	at org.apache.maven.surefire.testng.TestNGDirectoryTestSuite.execute(TestNGDirectoryTestSuite.java:91)
	at org.apache.maven.surefire.testng.TestNGProvider.invoke(TestNGProvider.java:137)
	at org.apache.maven.surefire.booter.ForkedBooter.runSuitesInProcess(ForkedBooter.java:385)
	at org.apache.maven.surefire.booter.ForkedBooter.execute(ForkedBooter.java:162)
	at org.apache.maven.surefire.booter.ForkedBooter.run(ForkedBooter.java:507)
	at org.apache.maven.surefire.booter.ForkedBooter.main(ForkedBooter.java:495)
Caused by: org.openqa.selenium.TimeoutException: Expected condition failed: waiting for element to be clickable: By.xpath: //XCUIElementTypeImage[@name='WELLBEING DASHBOARD HOME'] | //XCUIElementTypeImage[contains(@name, 'WELLBEING')] (tried for 10 second(s) with 500 milliseconds interval)
Build info: version: '4.13.0', revision: 'ba948ece5b*'
System info: os.name: 'Mac OS X', os.arch: 'aarch64', os.version: '14.5', java.version: '25.0.1'
Driver info: io.appium.java_client.ios.IOSDriver
Capabilities {appium:automationName: XCUITest, appium:bundleId: com.houseofepigenetics.abch..., appium:databaseEnabled: false, appium:deviceName: iPhone 13, appium:javascriptEnabled: true, appium:locationContextEnabled: false, appium:networkConnectionEnabled: false, appium:newCommandTimeout: 3600, appium:noReset: true, appium:platformVersion: 18.7, appium:takesScreenshot: true, appium:udid: 00008110-001425322E9B601E, appium:useNewWDA: false, appium:usePrebuiltWDA: true, appium:webDriverAgentUrl: http://localhost:8100, appium:webStorageEnabled: false, platformName: IOS}
Session ID: 98f37f46-49b0-42e9-851f-655e58894686
	at org.openqa.selenium.support.ui.WebDriverWait.timeoutException(WebDriverWait.java:84)
	at org.openqa.selenium.support.ui.FluentWait.until(FluentWait.java:230)
	at com.automation.tests.EditProfileTest.testNegativeEditProfile(EditProfileTest.java:456)
	... 32 more
]]></failure>
    <system-out><![CDATA[⏭ Skipping resetAppToHomePage for EditProfileTest - uses custom navigation
Could not find or swipe PickerWheel by id at position: 1
Could not find or swipe PickerWheel by id at position: 2
Could not find or swipe PickerWheel by id at position: 3
Clicked CONFIRM button on date picker
]]></system-out>
    <system-err><![CDATA[SLF4J: No SLF4J providers were found.
SLF4J: Defaulting to no-operation (NOP) logger implementation
SLF4J: See https://www.slf4j.org/codes.html#noProviders for further details.
]]></system-err>
  </testcase>
  <testcase name="testEditProfileWithDateGenderCountry" classname="com.automation.tests.EditProfileTest" time="131.026">
    <failure message="SAVE CHANGES button not found on Edit Profile page" type="java.lang.RuntimeException"><![CDATA[java.lang.RuntimeException: SAVE CHANGES button not found on Edit Profile page
	at com.automation.pages.EditProfilePage.clickSaveChanges(EditProfilePage.java:429)
	at com.automation.tests.EditProfileTest.testEditProfileWithDateGenderCountry(EditProfileTest.java:664)
	at java.base/jdk.internal.reflect.DirectMethodHandleAccessor.invoke(DirectMethodHandleAccessor.java:104)
	at java.base/java.lang.reflect.Method.invoke(Method.java:565)
	at org.testng.internal.invokers.MethodInvocationHelper.invokeMethod(MethodInvocationHelper.java:139)
	at org.testng.internal.invokers.TestInvoker.invokeMethod(TestInvoker.java:664)
	at org.testng.internal.invokers.TestInvoker.invokeTestMethod(TestInvoker.java:227)
	at org.testng.internal.invokers.MethodRunner.runInSequence(MethodRunner.java:50)
	at org.testng.internal.invokers.TestInvoker$MethodInvocationAgent.invoke(TestInvoker.java:957)
	at org.testng.internal.invokers.TestInvoker.invokeTestMethods(TestInvoker.java:200)
	at org.testng.internal.invokers.TestMethodWorker.invokeTestMethods(TestMethodWorker.java:148)
	at org.testng.internal.invokers.TestMethodWorker.run(TestMethodWorker.java:128)
	at java.base/java.util.ArrayList.forEach(ArrayList.java:1604)
	at org.testng.TestRunner.privateRun(TestRunner.java:848)
	at org.testng.TestRunner.run(TestRunner.java:621)
	at org.testng.SuiteRunner.runTest(SuiteRunner.java:443)
	at org.testng.SuiteRunner.runSequentially(SuiteRunner.java:437)
	at org.testng.SuiteRunner.privateRun(SuiteRunner.java:397)
	at org.testng.SuiteRunner.run(SuiteRunner.java:336)
	at org.testng.SuiteRunnerWorker.runSuite(SuiteRunnerWorker.java:52)
	at org.testng.SuiteRunnerWorker.run(SuiteRunnerWorker.java:95)
	at org.testng.TestNG.runSuitesSequentially(TestNG.java:1280)
	at org.testng.TestNG.runSuitesLocally(TestNG.java:1200)
	at org.testng.TestNG.runSuites(TestNG.java:1114)
	at org.testng.TestNG.run(TestNG.java:1082)
	at org.apache.maven.surefire.testng.TestNGExecutor.run(TestNGExecutor.java:155)
	at org.apache.maven.surefire.testng.TestNGDirectoryTestSuite.executeSingleClass(TestNGDirectoryTestSuite.java:102)
	at org.apache.maven.surefire.testng.TestNGDirectoryTestSuite.execute(TestNGDirectoryTestSuite.java:91)
	at org.apache.maven.surefire.testng.TestNGProvider.invoke(TestNGProvider.java:137)
	at org.apache.maven.surefire.booter.ForkedBooter.runSuitesInProcess(ForkedBooter.java:385)
	at org.apache.maven.surefire.booter.ForkedBooter.execute(ForkedBooter.java:162)
	at org.apache.maven.surefire.booter.ForkedBooter.run(ForkedBooter.java:507)
	at org.apache.maven.surefire.booter.ForkedBooter.main(ForkedBooter.java:495)
Caused by: org.openqa.selenium.TimeoutException: Expected condition failed: waiting for element to be clickable: By.xpath: //XCUIElementTypeButton[@name='SAVE CHANGES'] (tried for 10 second(s) with 500 milliseconds interval)
Build info: version: '4.13.0', revision: 'ba948ece5b*'
System info: os.name: 'Mac OS X', os.arch: 'aarch64', os.version: '14.5', java.version: '25.0.1'
Driver info: io.appium.java_client.ios.IOSDriver
Capabilities {appium:automationName: XCUITest, appium:bundleId: com.houseofepigenetics.abch..., appium:databaseEnabled: false, appium:deviceName: iPhone 13, appium:javascriptEnabled: true, appium:locationContextEnabled: false, appium:networkConnectionEnabled: false, appium:newCommandTimeout: 3600, appium:noReset: true, appium:platformVersion: 18.7, appium:takesScreenshot: true, appium:udid: 00008110-001425322E9B601E, appium:useNewWDA: false, appium:usePrebuiltWDA: true, appium:webDriverAgentUrl: http://localhost:8100, appium:webStorageEnabled: false, platformName: IOS}
Session ID: cff0b005-700f-4e87-8751-cd0fde12dadd
	at org.openqa.selenium.support.ui.WebDriverWait.timeoutException(WebDriverWait.java:84)
	at org.openqa.selenium.support.ui.FluentWait.until(FluentWait.java:230)
	at com.automation.pages.EditProfilePage.clickSaveChanges(EditProfilePage.java:426)
	... 32 more
]]></failure>
    <system-out><![CDATA[⏭ Skipping resetAppToHomePage for EditProfileTest - uses custom navigation
Could not find or swipe PickerWheel by id at position: 1
Could not find or swipe PickerWheel by id at position: 2
Could not find or swipe PickerWheel by id at position: 3
Clicked CONFIRM button on date picker
]]></system-out>
  </testcase>
  <testcase name="testNegativeEditProfile[Email Without @, John Doe, testexample.com, 123456789](1)" classname="com.automation.tests.EditProfileTest" time="135.394">
    <system-out><![CDATA[⏭ Skipping resetAppToHomePage for EditProfileTest - uses custom navigation
Could not find or swipe PickerWheel by id at position: 1
Could not find or swipe PickerWheel by id at position: 2
Could not find or swipe PickerWheel by id at position: 3
Clicked CONFIRM button on date picker
]]></system-out>
  </testcase>
  <testcase name="testNegativeEditProfile[Email Without Domain, John Doe, test@, 123456789](2)" classname="com.automation.tests.EditProfileTest" time="134.462">
    <system-out><![CDATA[⏭ Skipping resetAppToHomePage for EditProfileTest - uses custom navigation
Could not find or swipe PickerWheel by id at position: 1
Could not find or swipe PickerWheel by id at position: 2
Could not find or swipe PickerWheel by id at position: 3
Clicked CONFIRM button on date picker
]]></system-out>
  </testcase>
  <testcase name="testNegativeEditProfile[Invalid Phone - Letters, John Doe, test@example.com, abcdefgh](3)" classname="com.automation.tests.EditProfileTest" time="134.64">
    <system-out><![CDATA[⏭ Skipping resetAppToHomePage for EditProfileTest - uses custom navigation
Could not find or swipe PickerWheel by id at position: 1
Could not find or swipe PickerWheel by id at position: 2
Could not find or swipe PickerWheel by id at position: 3
Clicked CONFIRM button on date picker
]]></system-out>
  </testcase>
  <testcase name="testNegativeEditProfile[Short Phone Number, John Doe, test@example.com, 12](4)" classname="com.automation.tests.EditProfileTest" time="135.446">
    <system-out><![CDATA[⏭ Skipping resetAppToHomePage for EditProfileTest - uses custom navigation
Could not find or swipe PickerWheel by id at position: 1
Could not find or swipe PickerWheel by id at position: 2
Could not find or swipe PickerWheel by id at position: 3
Clicked CONFIRM button on date picker
]]></system-out>
  </testcase>
  <testcase name="testNegativeEditProfile[Invalid Email Format, John Doe, invalidemail, 123456789](5)" classname="com.automation.tests.EditProfileTest" time="134.654">
    <system-out><![CDATA[⏭ Skipping resetAppToHomePage for EditProfileTest - uses custom navigation
Could not find or swipe PickerWheel by id at position: 1
Could not find or swipe PickerWheel by id at position: 2
Could not find or swipe PickerWheel by id at position: 3
Clicked CONFIRM button on date picker
]]></system-out>
  </testcase>
  <testcase name="testNegativeEditProfile[Empty Name Field, , test@example.com, 123456789](6)" classname="com.automation.tests.EditProfileTest" time="135.09">
    <system-out><![CDATA[⏭ Skipping resetAppToHomePage for EditProfileTest - uses custom navigation
Could not find or swipe PickerWheel by id at position: 1
Could not find or swipe PickerWheel by id at position: 2
Could not find or swipe PickerWheel by id at position: 3
Clicked CONFIRM button on date picker
]]></system-out>
  </testcase>
  <testcase name="testNegativeEditProfile[Empty Email Field, John Doe, , 123456789](7)" classname="com.automation.tests.EditProfileTest" time="135.254">
    <system-out><![CDATA[⏭ Skipping resetAppToHomePage for EditProfileTest - uses custom navigation
Could not find or swipe PickerWheel by id at position: 1
Could not find or swipe PickerWheel by id at position: 2
Could not find or swipe PickerWheel by id at position: 3
Clicked CONFIRM button on date picker
]]></system-out>
  </testcase>
  <testcase name="testNegativeEditProfile[Empty Phone Number, John Doe, test@example.com, ](8)" classname="com.automation.tests.EditProfileTest" time="123.073">
    <system-out><![CDATA[⏭ Skipping resetAppToHomePage for EditProfileTest - uses custom navigation
Could not find or swipe PickerWheel by id at position: 1
Could not find or swipe PickerWheel by id at position: 2
Could not find or swipe PickerWheel by id at position: 3
Clicked CONFIRM button on date picker
]]></system-out>
  </testcase>
  <testcase name="testChangePassword[Wrong Old Password Validation, Testing@2025, Testing@2026, Testing@2026, //XCUIElementTypeStaticText[@name=&apos;Wrong password. Please enter correct password.&apos;]](1)" classname="com.automation.tests.EditProfileTest" time="132.914">
    <system-out><![CDATA[⏭ Skipping resetAppToHomePage for EditProfileTest - uses custom navigation
]]></system-out>
  </testcase>
  <testcase name="testChangePassword[Weak Password Validation, Testing@2026, test2026, test2026, //XCUIElementTypeStaticText[@name=&apos;Use at least 8 characters with uppercase, lowercase, number, and special symbol.&apos;]](2)" classname="com.automation.tests.EditProfileTest" time="132.863">
    <system-out><![CDATA[⏭ Skipping resetAppToHomePage for EditProfileTest - uses custom navigation
]]></system-out>
  </testcase>
  <testcase name="testChangePassword[Same Old and New Password Validation, Testing@2026, Testing@2026, Testing@2026, //XCUIElementTypeStaticText[@name=&apos;Current and new password cannot be the same.&apos;]](3)" classname="com.automation.tests.EditProfileTest" time="132.876">
    <system-out><![CDATA[⏭ Skipping resetAppToHomePage for EditProfileTest - uses custom navigation
]]></system-out>
  </testcase>
  <testcase name="testChangePassword[Valid Change Password, Testing@2026, Human@2026, Human@2026, SUCCESS](4)" classname="com.automation.tests.EditProfileTest" time="134.435">
    <system-out><![CDATA[⏭ Skipping resetAppToHomePage for EditProfileTest - uses custom navigation
]]></system-out>
  </testcase>
</testsuite>