<?xml version="1.0" encoding="UTF-8"?>
<testng-results ignored="0" total="2" passed="2" failed="0" skipped="0">
  <reporter-output>
  </reporter-output>
  <suite started-at="2026-01-19T00:13:06 GMT-08:00" name="Surefire suite" finished-at="2026-01-19T00:18:53 GMT-08:00" duration-ms="347770">
    <groups>
    </groups>
    <test started-at="2026-01-19T00:13:06 GMT-08:00" name="Surefire test" finished-at="2026-01-19T00:18:53 GMT-08:00" duration-ms="347770">
      <class name="com.automation.tests.EditProfileTest">
        <test-method is-config="true" signature="setupReport()[pri:0, instance:com.automation.tests.EditProfileTest@7d3a22a9]" started-at="2026-01-19T00:13:05 GMT-08:00" name="setupReport" finished-at="2026-01-19T00:13:06 GMT-08:00" duration-ms="78" status="PASS">
          <reporter-output>
          </reporter-output>
        </test-method> <!-- setupReport -->
        <test-method is-config="true" signature="setup(java.lang.reflect.Method)[pri:0, instance:com.automation.tests.EditProfileTest@7d3a22a9]" started-at="2026-01-19T00:13:06 GMT-08:00" name="setup" finished-at="2026-01-19T00:13:08 GMT-08:00" duration-ms="2553" status="PASS">
          <params>
            <param index="0">
              <value>
                <![CDATA[public void com.automation.tests.EditProfileTest.testNegativeEditProfile(java.lang.String,java.lang.String,java.lang.String,java.lang.String) throws java.lang.InterruptedException]]>
              </value>
            </param>
          </params>
          <reporter-output>
          </reporter-output>
        </test-method> <!-- setup -->
        <test-method signature="testNegativeEditProfile(java.lang.String,java.lang.String,java.lang.String,java.lang.String)[pri:0, instance:com.automation.tests.EditProfileTest@7d3a22a9]" started-at="2026-01-19T00:13:08 GMT-08:00" name="testNegativeEditProfile" data-provider="negativeEditProfileData" finished-at="2026-01-19T00:15:57 GMT-08:00" duration-ms="168984" status="PASS">
          <params>
            <param index="0">
              <value>
                <![CDATA[Email Without @]]>
              </value>
            </param>
            <param index="1">
              <value>
                <![CDATA[John Doe]]>
              </value>
            </param>
            <param index="2">
              <value>
                <![CDATA[testexample.com]]>
              </value>
            </param>
            <param index="3">
              <value>
                <![CDATA[123456789]]>
              </value>
            </param>
          </params>
          <reporter-output>
          </reporter-output>
        </test-method> <!-- testNegativeEditProfile -->
        <test-method is-config="true" signature="tearDown(org.testng.ITestResult)[pri:0, instance:com.automation.tests.EditProfileTest@7d3a22a9]" started-at="2026-01-19T00:15:57 GMT-08:00" name="tearDown" finished-at="2026-01-19T00:16:00 GMT-08:00" duration-ms="3063" status="PASS">
          <params>
            <param index="0">
              <value>
                <![CDATA[[TestResult name=testNegativeEditProfile status=SUCCESS method=EditProfileTest.testNegativeEditProfile(java.lang.String,java.lang.String,java.lang.String,java.lang.String)[pri:0, instance:com.automation.tests.EditProfileTest@7d3a22a9] output={null}]]]>
              </value>
            </param>
          </params>
          <reporter-output>
          </reporter-output>
        </test-method> <!-- tearDown -->
        <test-method is-config="true" signature="setup(java.lang.reflect.Method)[pri:0, instance:com.automation.tests.EditProfileTest@7d3a22a9]" started-at="2026-01-19T00:16:00 GMT-08:00" name="setup" finished-at="2026-01-19T00:16:02 GMT-08:00" duration-ms="1899" status="PASS">
          <params>
            <param index="0">
              <value>
                <![CDATA[public void com.automation.tests.EditProfileTest.testNegativeEditProfile(java.lang.String,java.lang.String,java.lang.String,java.lang.String) throws java.lang.InterruptedException]]>
              </value>
            </param>
          </params>
          <reporter-output>
          </reporter-output>
        </test-method> <!-- setup -->
        <test-method signature="testNegativeEditProfile(java.lang.String,java.lang.String,java.lang.String,java.lang.String)[pri:0, instance:com.automation.tests.EditProfileTest@7d3a22a9]" started-at="2026-01-19T00:16:02 GMT-08:00" name="testNegativeEditProfile" data-provider="negativeEditProfileData" finished-at="2026-01-19T00:18:50 GMT-08:00" duration-ms="168160" status="PASS">
          <params>
            <param index="0">
              <value>
                <![CDATA[Email Without Domain]]>
              </value>
            </param>
            <param index="1">
              <value>
                <![CDATA[John Doe]]>
              </value>
            </param>
            <param index="2">
              <value>
                <![CDATA[test@]]>
              </value>
            </param>
            <param index="3">
              <value>
                <![CDATA[123456789]]>
              </value>
            </param>
          </params>
          <reporter-output>
          </reporter-output>
        </test-method> <!-- testNegativeEditProfile -->
        <test-method is-config="true" signature="tearDown(org.testng.ITestResult)[pri:0, instance:com.automation.tests.EditProfileTest@7d3a22a9]" started-at="2026-01-19T00:18:50 GMT-08:00" name="tearDown" finished-at="2026-01-19T00:18:53 GMT-08:00" duration-ms="3088" status="PASS">
          <params>
            <param index="0">
              <value>
                <![CDATA[[TestResult name=testNegativeEditProfile status=SUCCESS method=EditProfileTest.testNegativeEditProfile(java.lang.String,java.lang.String,java.lang.String,java.lang.String)[pri:0, instance:com.automation.tests.EditProfileTest@7d3a22a9] output={null}]]]>
              </value>
            </param>
          </params>
          <reporter-output>
          </reporter-output>
        </test-method> <!-- tearDown -->
        <test-method is-config="true" signature="tearDownReport()[pri:0, instance:com.automation.tests.EditProfileTest@7d3a22a9]" started-at="2026-01-19T00:18:53 GMT-08:00" name="tearDownReport" finished-at="2026-01-19T00:18:53 GMT-08:00" duration-ms="117" status="PASS">
          <reporter-output>
          </reporter-output>
        </test-method> <!-- tearDownReport -->
      </class> <!-- com.automation.tests.EditProfileTest -->
    </test> <!-- Surefire test -->
  </suite> <!-- Surefire suite -->
</testng-results>
