<?xml version="1.0" encoding="UTF-8"?>
<testsuite xmlns:xsi="http://www.w3.org/2001/XMLSchema-instance" xsi:noNamespaceSchemaLocation="https://maven.apache.org/surefire/maven-surefire-plugin/xsd/surefire-test-report-3.0.xsd" version="3.0" name="com.automation.tests.ForgotPasswordTest" time="211.082" tests="1" errors="0" skipped="0" failures="1">
  <properties>
[...]
</properties>
  <testcase name="testForgotPasswordFlow" classname="com.automation.tests.ForgotPasswordTest" time="195.828">
    <failure message="Expected condition failed: waiting for element to be clickable: By.xpath: //XCUIElementTypeOther[@name=&quot;Enter Password&quot;] (tried for 15 second(s) with 500 milliseconds interval)&#10;Build info: version: &apos;4.13.0&apos;, revision: &apos;ba948ece5b*&apos;&#10;System info: os.name: &apos;Mac OS X&apos;, os.arch: &apos;aarch64&apos;, os.version: &apos;14.5&apos;, java.version: &apos;25.0.1&apos;&#10;Driver info: io.appium.java_client.ios.IOSDriver&#10;Capabilities {appium:automationName: XCUITest, appium:bundleId: com.houseofepigenetics.abch..., appium:databaseEnabled: false, appium:deviceName: iPhone 13, appium:javascriptEnabled: true, appium:locationContextEnabled: false, appium:networkConnectionEnabled: false, appium:newCommandTimeout: 3600, appium:noReset: true, appium:platformVersion: 18.7, appium:takesScreenshot: true, appium:udid: 00008110-001425322E9B601E, appium:useNewWDA: false, appium:usePrebuiltWDA: true, appium:webDriverAgentUrl: http://localhost:8100, appium:webStorageEnabled: false, platformName: IOS}&#10;Session ID: 682e61d9-34a8-49ab-a841-2b849e796d44" type="org.openqa.selenium.TimeoutException"><![CDATA[org.openqa.selenium.TimeoutException: 
Expected condition failed: waiting for element to be clickable: By.xpath: //XCUIElementTypeOther[@name="Enter Password"] (tried for 15 second(s) with 500 milliseconds interval)
Build info: version: '4.13.0', revision: 'ba948ece5b*'
System info: os.name: 'Mac OS X', os.arch: 'aarch64', os.version: '14.5', java.version: '25.0.1'
Driver info: io.appium.java_client.ios.IOSDriver
Capabilities {appium:automationName: XCUITest, appium:bundleId: com.houseofepigenetics.abch..., appium:databaseEnabled: false, appium:deviceName: iPhone 13, appium:javascriptEnabled: true, appium:locationContextEnabled: false, appium:networkConnectionEnabled: false, appium:newCommandTimeout: 3600, appium:noReset: true, appium:platformVersion: 18.7, appium:takesScreenshot: true, appium:udid: 00008110-001425322E9B601E, appium:useNewWDA: false, appium:usePrebuiltWDA: true, appium:webDriverAgentUrl: http://localhost:8100, appium:webStorageEnabled: false, platformName: IOS}
Session ID: 682e61d9-34a8-49ab-a841-2b849e796d44
	at org.openqa.selenium.support.ui.WebDriverWait.timeoutException(WebDriverWait.java:84)
	at org.openqa.selenium.support.ui.FluentWait.until(FluentWait.java:230)
	at com.automation.pages.ForgotPasswordPage.enterWrongPassword1(ForgotPasswordPage.java:435)
	at com.automation.tests.ForgotPasswordTest.testForgotPasswordFlow(ForgotPasswordTest.java:278)
	at java.base/jdk.internal.reflect.DirectMethodHandleAccessor.invoke(DirectMethodHandleAccessor.java:104)
	at java.base/java.lang.reflect.Method.invoke(Method.java:565)
	at org.testng.internal.invokers.MethodInvocationHelper.invokeMethod(MethodInvocationHelper.java:139)
	at org.testng.internal.invokers.TestInvoker.invokeMethod(TestInvoker.java:664)
	at org.testng.internal.invokers.TestInvoker.invokeTestMethod(TestInvoker.java:227)
	at org.testng.internal.invokers.MethodRunner.runInSequence(MethodRunner.java:50)
	at org.testng.internal.invokers.TestInvoker$MethodInvocationAgent.invoke(TestInvoker.java:957)
	at org.testng.internal.invokers.TestInvoker.invokeTestMethods(TestInvoker.java:200)
	at org.testng.internal.invokers.TestMethodWorker.invokeTestMethods(TestMethodWorker.java:148)
	at org.testng.internal.invokers.TestMethodWorker.run(TestMethodWorker.java:128)
	at java.base/java.util.ArrayList.forEach(ArrayList.java:1604)
	at org.testng.TestRunner.privateRun(TestRunner.java:848)
	at org.testng.TestRunner.run(TestRunner.java:621)
	at org.testng.SuiteRunner.runTest(SuiteRunner.java:443)
	at org.testng.SuiteRunner.runSequentially(SuiteRunner.java:437)
	at org.testng.SuiteRunner.privateRun(SuiteRunner.java:397)
	at org.testng.SuiteRunner.run(SuiteRunner.java:336)
	at org.testng.SuiteRunnerWorker.runSuite(SuiteRunnerWorker.java:52)
	at org.testng.SuiteRunnerWorker.run(SuiteRunnerWorker.java:95)
	at org.testng.TestNG.runSuitesSequentially(TestNG.java:1280)
	at org.testng.TestNG.runSuitesLocally(TestNG.java:1200)
	at org.testng.TestNG.runSuites(TestNG.java:1114)
	at org.testng.TestNG.run(TestNG.java:1082)
	at org.apache.maven.surefire.testng.TestNGExecutor.run(TestNGExecutor.java:155)
	at org.apache.maven.surefire.testng.TestNGDirectoryTestSuite.executeSingleClass(TestNGDirectoryTestSuite.java:102)
	at org.apache.maven.surefire.testng.TestNGDirectoryTestSuite.execute(TestNGDirectoryTestSuite.java:91)
	at org.apache.maven.surefire.testng.TestNGProvider.invoke(TestNGProvider.java:137)
	at org.apache.maven.surefire.booter.ForkedBooter.runSuitesInProcess(ForkedBooter.java:385)
	at org.apache.maven.surefire.booter.ForkedBooter.execute(ForkedBooter.java:162)
	at org.apache.maven.surefire.booter.ForkedBooter.run(ForkedBooter.java:507)
	at org.apache.maven.surefire.booter.ForkedBooter.main(ForkedBooter.java:495)
]]></failure>
    <system-out><![CDATA[✓ App state reset: App restarted successfully
Wait for app to load...
✓ App loaded on Sign In page
✓ Cleared OTP field 6
✓ Cleared OTP field 5
✓ Cleared OTP field 4
✓ Cleared OTP field 3
✓ Cleared OTP field 2
✓ Cleared OTP field 1
]]></system-out>
    <system-err><![CDATA[SLF4J: No SLF4J providers were found.
SLF4J: Defaulting to no-operation (NOP) logger implementation
SLF4J: See https://www.slf4j.org/codes.html#noProviders for further details.
]]></system-err>
  </testcase>
</testsuite>