<?xml version="1.0" encoding="UTF-8"?>
<!-- Generated by org.testng.reporters.JUnitReportReporter -->
<testsuite hostname="192.168.1.7" failures="0" tests="5" name="com.automation.tests.ProfileTest" time="231.113" errors="0" timestamp="2026-01-21T03:15:57 GMT-08:00" skipped="0">
  <testcase classname="com.automation.tests.ProfileTest" name="testMyOrders_TrackOrder" time="24.123"/>
  <testcase classname="com.automation.tests.ProfileTest" name="testMyOrders_SendSample" time="34.704"/>
  <testcase classname="com.automation.tests.ProfileTest" name="testHelpSupport_AllSections" time="90.428"/>
  <testcase classname="com.automation.tests.ProfileTest" name="testLegalInformation_AllSections" time="51.612"/>
  <testcase classname="com.automation.tests.ProfileTest" name="testLogout" time="30.246"/>
</testsuite> <!-- com.automation.tests.ProfileTest -->
