<?xml version="1.0" encoding="UTF-8"?>
<!-- Generated by org.testng.reporters.JUnitReportReporter -->
<testsuite hostname="Navadhitis-MacBook-Pro.local" failures="0" tests="12" name="com.automation.tests.SignUpTest" time="785.269" errors="0" timestamp="2026-01-13T03:44:48 GMT-08:00" skipped="0">
  <testcase classname="com.automation.tests.SignUpTest" name="testNegativeSignUp" time="66.452"/>
  <testcase classname="com.automation.tests.SignUpTest" name="testNegativeSignUp" time="66.768"/>
  <testcase classname="com.automation.tests.SignUpTest" name="testNegativeSignUp" time="66.357"/>
  <testcase classname="com.automation.tests.SignUpTest" name="testNegativeSignUp" time="41.418"/>
  <testcase classname="com.automation.tests.SignUpTest" name="testNegativeSignUp" time="65.444"/>
  <testcase classname="com.automation.tests.SignUpTest" name="testNegativeSignUp" time="65.332"/>
  <testcase classname="com.automation.tests.SignUpTest" name="testNegativeSignUp" time="65.885"/>
  <testcase classname="com.automation.tests.SignUpTest" name="testNegativeSignUp" time="62.366"/>
  <testcase classname="com.automation.tests.SignUpTest" name="testNegativeSignUp" time="40.668"/>
  <testcase classname="com.automation.tests.SignUpTest" name="testNegativeSignUp" time="41.530"/>
  <testcase classname="com.automation.tests.SignUpTest" name="testNegativeSignUp" time="66.100"/>
  <testcase classname="com.automation.tests.SignUpTest" name="testPositiveSignUp" time="136.949"/>
</testsuite> <!-- com.automation.tests.SignUpTest -->
