<?xml version="1.0" encoding="UTF-8"?>
<!-- Generated by org.testng.reporters.JUnitReportReporter -->
<testsuite hostname="192.168.1.22" failures="0" tests="9" name="com.automation.tests.SignInTest" time="0.565" errors="1" timestamp="2026-01-27T16:34:51 GMT-08:00" skipped="8">
  <testcase classname="com.automation.tests.SignInTest" name="testPositiveSignIn" time="0.000">
    <skipped/>
  </testcase> <!-- testPositiveSignIn -->
  <testcase classname="com.automation.tests.SignInTest" name="testNegativeSignIn" time="0.000">
    <skipped/>
  </testcase> <!-- testNegativeSignIn -->
  <testcase classname="com.automation.tests.SignInTest" name="testNegativeSignIn" time="0.000">
    <skipped/>
  </testcase> <!-- testNegativeSignIn -->
  <testcase classname="com.automation.tests.SignInTest" name="testNegativeSignIn" time="0.000">
    <skipped/>
  </testcase> <!-- testNegativeSignIn -->
  <testcase classname="com.automation.tests.SignInTest" name="testNegativeSignIn" time="0.001">
    <skipped/>
  </testcase> <!-- testNegativeSignIn -->
  <testcase classname="com.automation.tests.SignInTest" name="testNegativeSignIn" time="0.000">
    <skipped/>
  </testcase> <!-- testNegativeSignIn -->
  <testcase classname="com.automation.tests.SignInTest" name="setup" time="0.563">
    <error message="Could not start a new session. Response code 500. Message: Could not find the expected device &#039;00008110-001425322E9B601E&#039; 
Host info: host: &#039;192.168.1.22&#039;, ip: &#039;fe80:0:0:0:1c82:6a48:6b49:3c16%en0&#039;
Build info: version: &#039;4.13.0&#039;, revision: &#039;ba948ece5b*&#039;
System info: os.name: &#039;Mac OS X&#039;, os.arch: &#039;aarch64&#039;, os.version: &#039;14.5&#039;, java.version: &#039;25.0.1&#039;
Driver info: io.appium.java_client.ios.IOSDriver
Command: [null, newSession {capabilities=[{appium:noReset=true, appium:useNewWDA=false, appium:udid=00008110-001425322E9B601E, appium:newCommandTimeout=3600, appium:bundleId=com.houseofepigenetics.abchopra, appium:deviceName=iPhone 13, platformName=IOS, appium:automationName=XCUITest, appium:platformVersion=18.7.1, appium:webDriverAgentUrl=http://localhost:8100, appium:usePrebuiltWDA=true}], desiredCapabilities=Capabilities {appium:automationName: XCUITest, appium:bundleId: com.houseofepigenetics.abch..., appium:deviceName: iPhone 13, appium:newCommandTimeout: 3600, appium:noReset: true, appium:platformVersion: 18.7.1, appium:udid: 00008110-001425322E9B601E, appium:useNewWDA: false, appium:usePrebuiltWDA: true, appium:webDriverAgentUrl: http://localhost:8100, platformName: IOS}}]
Capabilities {appium:automationName: XCUITest, appium:bundleId: com.houseofepigenetics.abch..., appium:deviceName: iPhone 13, appium:newCommandTimeout: 3600, appium:noReset: true, appium:platformVersion: 18.7.1, appium:udid: 00008110-001425322E9B601E, appium:useNewWDA: false, appium:usePrebuiltWDA: true, appium:webDriverAgentUrl: http://localhost:8100, platformName: IOS}" type="org.openqa.selenium.SessionNotCreatedException">
      <![CDATA[org.openqa.selenium.SessionNotCreatedException: Could not start a new session. Response code 500. Message: Could not find the expected device '00008110-001425322E9B601E' 
Host info: host: '192.168.1.22', ip: 'fe80:0:0:0:1c82:6a48:6b49:3c16%en0'
Build info: version: '4.13.0', revision: 'ba948ece5b*'
System info: os.name: 'Mac OS X', os.arch: 'aarch64', os.version: '14.5', java.version: '25.0.1'
Driver info: io.appium.java_client.ios.IOSDriver
Command: [null, newSession {capabilities=[{appium:noReset=true, appium:useNewWDA=false, appium:udid=00008110-001425322E9B601E, appium:newCommandTimeout=3600, appium:bundleId=com.houseofepigenetics.abchopra, appium:deviceName=iPhone 13, platformName=IOS, appium:automationName=XCUITest, appium:platformVersion=18.7.1, appium:webDriverAgentUrl=http://localhost:8100, appium:usePrebuiltWDA=true}], desiredCapabilities=Capabilities {appium:automationName: XCUITest, appium:bundleId: com.houseofepigenetics.abch..., appium:deviceName: iPhone 13, appium:newCommandTimeout: 3600, appium:noReset: true, appium:platformVersion: 18.7.1, appium:udid: 00008110-001425322E9B601E, appium:useNewWDA: false, appium:usePrebuiltWDA: true, appium:webDriverAgentUrl: http://localhost:8100, platformName: IOS}}]
Capabilities {appium:automationName: XCUITest, appium:bundleId: com.houseofepigenetics.abch..., appium:deviceName: iPhone 13, appium:newCommandTimeout: 3600, appium:noReset: true, appium:platformVersion: 18.7.1, appium:udid: 00008110-001425322E9B601E, appium:useNewWDA: false, appium:usePrebuiltWDA: true, appium:webDriverAgentUrl: http://localhost:8100, platformName: IOS}
at org.openqa.selenium.remote.ProtocolHandshake.createSession(ProtocolHandshake.java:140)
at java.base/jdk.internal.reflect.DirectMethodHandleAccessor.invoke(DirectMethodHandleAccessor.java:104)
at java.base/java.lang.reflect.Method.invoke(Method.java:565)
at io.appium.java_client.remote.AppiumProtocolHandshake.createSession(AppiumProtocolHandshake.java:133)
at io.appium.java_client.remote.AppiumProtocolHandshake.createSession(AppiumProtocolHandshake.java:102)
at io.appium.java_client.remote.AppiumCommandExecutor.createSession(AppiumCommandExecutor.java:182)
at io.appium.java_client.remote.AppiumCommandExecutor.execute(AppiumCommandExecutor.java:250)
at org.openqa.selenium.remote.RemoteWebDriver.execute(RemoteWebDriver.java:602)
at io.appium.java_client.AppiumDriver.startSession(AppiumDriver.java:274)
at org.openqa.selenium.remote.RemoteWebDriver.<init>(RemoteWebDriver.java:163)
at io.appium.java_client.AppiumDriver.<init>(AppiumDriver.java:89)
at io.appium.java_client.AppiumDriver.<init>(AppiumDriver.java:101)
at io.appium.java_client.ios.IOSDriver.<init>(IOSDriver.java:104)
at com.automation.base.BaseTest.setup(BaseTest.java:73)
at java.base/jdk.internal.reflect.DirectMethodHandleAccessor.invoke(DirectMethodHandleAccessor.java:104)
at java.base/java.lang.reflect.Method.invoke(Method.java:565)
at org.testng.internal.invokers.MethodInvocationHelper.invokeMethod(MethodInvocationHelper.java:139)
at org.testng.internal.invokers.MethodInvocationHelper.invokeMethodConsideringTimeout(MethodInvocationHelper.java:69)
at org.testng.internal.invokers.ConfigInvoker.invokeConfigurationMethod(ConfigInvoker.java:390)
at org.testng.internal.invokers.ConfigInvoker.invokeConfigurations(ConfigInvoker.java:325)
at org.testng.internal.invokers.TestInvoker.runConfigMethods(TestInvoker.java:810)
at org.testng.internal.invokers.TestInvoker.invokeMethod(TestInvoker.java:577)
at org.testng.internal.invokers.TestInvoker.invokeTestMethod(TestInvoker.java:227)
at org.testng.internal.invokers.MethodRunner.runInSequence(MethodRunner.java:50)
at org.testng.internal.invokers.TestInvoker$MethodInvocationAgent.invoke(TestInvoker.java:957)
at org.testng.internal.invokers.TestInvoker.invokeTestMethods(TestInvoker.java:200)
at org.testng.internal.invokers.TestMethodWorker.invokeTestMethods(TestMethodWorker.java:148)
at org.testng.internal.invokers.TestMethodWorker.run(TestMethodWorker.java:128)
at java.base/java.util.ArrayList.forEach(ArrayList.java:1604)
at org.testng.TestRunner.privateRun(TestRunner.java:848)
at org.testng.TestRunner.run(TestRunner.java:621)
at org.testng.SuiteRunner.runTest(SuiteRunner.java:443)
at org.testng.SuiteRunner.runSequentially(SuiteRunner.java:437)
at org.testng.SuiteRunner.privateRun(SuiteRunner.java:397)
at org.testng.SuiteRunner.run(SuiteRunner.java:336)
at org.testng.SuiteRunnerWorker.runSuite(SuiteRunnerWorker.java:52)
at org.testng.SuiteRunnerWorker.run(SuiteRunnerWorker.java:95)
at org.testng.TestNG.runSuitesSequentially(TestNG.java:1280)
at org.testng.TestNG.runSuitesLocally(TestNG.java:1200)
at org.testng.TestNG.runSuites(TestNG.java:1114)
at org.testng.TestNG.run(TestNG.java:1082)
at org.apache.maven.surefire.testng.TestNGExecutor.run(TestNGExecutor.java:155)
at org.apache.maven.surefire.testng.TestNGDirectoryTestSuite.executeSingleClass(TestNGDirectoryTestSuite.java:102)
at org.apache.maven.surefire.testng.TestNGDirectoryTestSuite.execute(TestNGDirectoryTestSuite.java:91)
at org.apache.maven.surefire.testng.TestNGProvider.invoke(TestNGProvider.java:137)
at org.apache.maven.surefire.booter.ForkedBooter.runSuitesInProcess(ForkedBooter.java:385)
at org.apache.maven.surefire.booter.ForkedBooter.execute(ForkedBooter.java:162)
at org.apache.maven.surefire.booter.ForkedBooter.run(ForkedBooter.java:507)
at org.apache.maven.surefire.booter.ForkedBooter.main(ForkedBooter.java:495)
]]>
    </error>
  </testcase> <!-- setup -->
  <testcase classname="com.automation.tests.SignInTest" name="testNegativeSignIn" time="0.001">
    <skipped/>
  </testcase> <!-- testNegativeSignIn -->
  <testcase classname="com.automation.tests.SignInTest" name="testNegativeSignIn" time="0.000">
    <skipped/>
  </testcase> <!-- testNegativeSignIn -->
</testsuite> <!-- com.automation.tests.SignInTest -->
