<?xml version="1.0" encoding="UTF-8"?>
<!-- Generated by org.testng.reporters.JUnitReportReporter -->
<testsuite hostname="192.168.1.39" failures="0" tests="8" name="com.automation.tests.SignInTest" time="691.701" errors="0" timestamp="2026-01-12T23:08:51 GMT-08:00" skipped="0">
  <testcase classname="com.automation.tests.SignInTest" name="testNegativeSignIn" time="87.150"/>
  <testcase classname="com.automation.tests.SignInTest" name="testNegativeSignIn" time="94.032"/>
  <testcase classname="com.automation.tests.SignInTest" name="testNegativeSignIn" time="87.323"/>
  <testcase classname="com.automation.tests.SignInTest" name="testNegativeSignIn" time="94.193"/>
  <testcase classname="com.automation.tests.SignInTest" name="testNegativeSignIn" time="94.743"/>
  <testcase classname="com.automation.tests.SignInTest" name="testPositiveSignIn" time="44.649"/>
  <testcase classname="com.automation.tests.SignInTest" name="testNegativeSignIn" time="95.072"/>
  <testcase classname="com.automation.tests.SignInTest" name="testNegativeSignIn" time="94.539"/>
</testsuite> <!-- com.automation.tests.SignInTest -->
