<?xml version="1.0" encoding="UTF-8"?>
<!-- Generated by org.testng.reporters.JUnitReportReporter -->
<testsuite hostname="192.168.1.4" failures="0" tests="2" name="com.automation.tests.EditProfileTest" time="321.807" errors="0" timestamp="2026-01-19T02:24:06 GMT-08:00" skipped="0">
  <testcase classname="com.automation.tests.EditProfileTest" name="testNegativeEditProfile" time="160.554"/>
  <testcase classname="com.automation.tests.EditProfileTest" name="testNegativeEditProfile" time="161.253"/>
</testsuite> <!-- com.automation.tests.EditProfileTest -->
