<?xml version="1.0" encoding="UTF-8"?>
<!-- Generated by org.testng.reporters.JUnitXMLReporter -->
<testsuite ignored="0" hostname="192.168.1.7" failures="0" tests="5" name="Surefire test" time="231.166" errors="0" timestamp="2026-01-21T03:15:57 GMT-08:00">
  <testcase classname="com.automation.tests.ProfileTest" name="testMyOrders_TrackOrder" time="13.278"/>
  <testcase classname="com.automation.tests.ProfileTest" name="testMyOrders_SendSample" time="23.797"/>
  <testcase classname="com.automation.tests.ProfileTest" name="testHelpSupport_AllSections" time="78.132"/>
  <testcase classname="com.automation.tests.ProfileTest" name="testLegalInformation_AllSections" time="40.573"/>
  <testcase classname="com.automation.tests.ProfileTest" name="testLogout" time="19.432"/>
</testsuite> <!-- Surefire test -->
