<?xml version="1.0" encoding="UTF-8"?>
<!-- Generated by org.testng.reporters.JUnitXMLReporter -->
<testsuite ignored="0" hostname="192.168.1.22" failures="4" tests="4" name="Surefire test" time="115.246" errors="0" timestamp="2026-01-27T16:55:11 GMT-08:00">
  <testcase classname="com.automation.tests.DataBankTest" name="testDataBank_Case1" time="17.496">
    <failure type="java.lang.RuntimeException" message="Failed to click PACKAGES &amp;amp; PRICING in Step 4">
      <![CDATA[java.lang.RuntimeException: Failed to click PACKAGES & PRICING in Step 4
at com.automation.pages.DataBankPage.clickPackagesAndPricing(DataBankPage.java:163)
at com.automation.tests.DataBankTest.testDataBank_Case1(DataBankTest.java:162)
at java.base/java.util.ArrayList.forEach(ArrayList.java:1604)
Caused by: org.openqa.selenium.TimeoutException: Expected condition failed: waiting for element to be clickable: By.xpath: //android.view.View[@content-desc="PACKAGES & PRICING"] (tried for 10 second(s) with 500 milliseconds interval)
Build info: version: '4.13.0', revision: 'ba948ece5b*'
System info: os.name: 'Mac OS X', os.arch: 'aarch64', os.version: '14.5', java.version: '25.0.1'
Driver info: io.appium.java_client.ios.IOSDriver
Capabilities {appium:automationName: XCUITest, appium:bundleId: com.houseofepigenetics.abch..., appium:databaseEnabled: false, appium:deviceName: iPhone 13, appium:javascriptEnabled: true, appium:locationContextEnabled: false, appium:networkConnectionEnabled: false, appium:newCommandTimeout: 3600, appium:noReset: true, appium:platformVersion: 18.7, appium:takesScreenshot: true, appium:udid: 00008110-001425322E9B601E, appium:useNewWDA: false, appium:usePrebuiltWDA: true, appium:webDriverAgentUrl: http://localhost:8100, appium:webStorageEnabled: false, platformName: IOS}
Session ID: d20e4851-cb8b-45d3-816f-5e8417a7f11f
at org.openqa.selenium.support.ui.WebDriverWait.timeoutException(WebDriverWait.java:84)
at org.openqa.selenium.support.ui.FluentWait.until(FluentWait.java:230)
at com.automation.pages.DataBankPage.clickPackagesAndPricing(DataBankPage.java:158)
... 32 more
... Removed 30 stack frames]]>
    </failure>
  </testcase> <!-- testDataBank_Case1 -->
  <testcase classname="com.automation.tests.DataBankTest" name="testDataBank_Case2" time="17.424">
    <failure type="java.lang.RuntimeException" message="Failed to click UPLOAD DATA in Step 4">
      <![CDATA[java.lang.RuntimeException: Failed to click UPLOAD DATA in Step 4
at com.automation.pages.DataBankPage.clickUploadData(DataBankPage.java:210)
at com.automation.tests.DataBankTest.testDataBank_Case2(DataBankTest.java:498)
at java.base/java.util.ArrayList.forEach(ArrayList.java:1604)
Caused by: org.openqa.selenium.TimeoutException: Expected condition failed: waiting for element to be clickable: By.xpath: //android.view.View[@content-desc="UPLOAD DATA"] (tried for 10 second(s) with 500 milliseconds interval)
Build info: version: '4.13.0', revision: 'ba948ece5b*'
System info: os.name: 'Mac OS X', os.arch: 'aarch64', os.version: '14.5', java.version: '25.0.1'
Driver info: io.appium.java_client.ios.IOSDriver
Capabilities {appium:automationName: XCUITest, appium:bundleId: com.houseofepigenetics.abch..., appium:databaseEnabled: false, appium:deviceName: iPhone 13, appium:javascriptEnabled: true, appium:locationContextEnabled: false, appium:networkConnectionEnabled: false, appium:newCommandTimeout: 3600, appium:noReset: true, appium:platformVersion: 18.7, appium:takesScreenshot: true, appium:udid: 00008110-001425322E9B601E, appium:useNewWDA: false, appium:usePrebuiltWDA: true, appium:webDriverAgentUrl: http://localhost:8100, appium:webStorageEnabled: false, platformName: IOS}
Session ID: 137708c0-abbc-493f-9264-e2d8ea2ffac8
at org.openqa.selenium.support.ui.WebDriverWait.timeoutException(WebDriverWait.java:84)
at org.openqa.selenium.support.ui.FluentWait.until(FluentWait.java:230)
at com.automation.pages.DataBankPage.clickUploadData(DataBankPage.java:205)
... 32 more
... Removed 30 stack frames]]>
    </failure>
  </testcase> <!-- testDataBank_Case2 -->
  <testcase classname="com.automation.tests.DataBankTest" name="testDataBank_Case3" time="17.438">
    <failure type="java.lang.RuntimeException" message="Failed to click DEVICES in Step 4">
      <![CDATA[java.lang.RuntimeException: Failed to click DEVICES in Step 4
at com.automation.pages.DataBankPage.clickDevices(DataBankPage.java:566)
at com.automation.tests.DataBankTest.testDataBank_Case3(DataBankTest.java:730)
at java.base/java.util.ArrayList.forEach(ArrayList.java:1604)
Caused by: org.openqa.selenium.TimeoutException: Expected condition failed: waiting for element to be clickable: By.xpath: //android.view.View[@content-desc="DEVICES"] (tried for 10 second(s) with 500 milliseconds interval)
Build info: version: '4.13.0', revision: 'ba948ece5b*'
System info: os.name: 'Mac OS X', os.arch: 'aarch64', os.version: '14.5', java.version: '25.0.1'
Driver info: io.appium.java_client.ios.IOSDriver
Capabilities {appium:automationName: XCUITest, appium:bundleId: com.houseofepigenetics.abch..., appium:databaseEnabled: false, appium:deviceName: iPhone 13, appium:javascriptEnabled: true, appium:locationContextEnabled: false, appium:networkConnectionEnabled: false, appium:newCommandTimeout: 3600, appium:noReset: true, appium:platformVersion: 18.7, appium:takesScreenshot: true, appium:udid: 00008110-001425322E9B601E, appium:useNewWDA: false, appium:usePrebuiltWDA: true, appium:webDriverAgentUrl: http://localhost:8100, appium:webStorageEnabled: false, platformName: IOS}
Session ID: 9f196899-3874-42f1-9856-a9e5f7c2613e
at org.openqa.selenium.support.ui.WebDriverWait.timeoutException(WebDriverWait.java:84)
at org.openqa.selenium.support.ui.FluentWait.until(FluentWait.java:230)
at com.automation.pages.DataBankPage.clickDevices(DataBankPage.java:561)
... 32 more
... Removed 30 stack frames]]>
    </failure>
  </testcase> <!-- testDataBank_Case3 -->
  <testcase classname="com.automation.tests.DataBankTest" name="testDataBank_Case4" time="17.441">
    <failure type="java.lang.RuntimeException" message="Failed to click REPORTS">
      <![CDATA[java.lang.RuntimeException: Failed to click REPORTS
at com.automation.pages.DataBankPage.clickReports(DataBankPage.java:760)
at com.automation.tests.DataBankTest.testDataBank_Case4(DataBankTest.java:962)
at java.base/java.util.ArrayList.forEach(ArrayList.java:1604)
Caused by: org.openqa.selenium.TimeoutException: Expected condition failed: waiting for element to be clickable: By.xpath: //android.view.View[@content-desc="REPORTS"] (tried for 10 second(s) with 500 milliseconds interval)
Build info: version: '4.13.0', revision: 'ba948ece5b*'
System info: os.name: 'Mac OS X', os.arch: 'aarch64', os.version: '14.5', java.version: '25.0.1'
Driver info: io.appium.java_client.ios.IOSDriver
Capabilities {appium:automationName: XCUITest, appium:bundleId: com.houseofepigenetics.abch..., appium:databaseEnabled: false, appium:deviceName: iPhone 13, appium:javascriptEnabled: true, appium:locationContextEnabled: false, appium:networkConnectionEnabled: false, appium:newCommandTimeout: 3600, appium:noReset: true, appium:platformVersion: 18.7, appium:takesScreenshot: true, appium:udid: 00008110-001425322E9B601E, appium:useNewWDA: false, appium:usePrebuiltWDA: true, appium:webDriverAgentUrl: http://localhost:8100, appium:webStorageEnabled: false, platformName: IOS}
Session ID: 64593a8a-933b-4adc-ae72-d903c2e87839
at org.openqa.selenium.support.ui.WebDriverWait.timeoutException(WebDriverWait.java:84)
at org.openqa.selenium.support.ui.FluentWait.until(FluentWait.java:230)
at com.automation.pages.DataBankPage.clickReports(DataBankPage.java:755)
... 32 more
... Removed 30 stack frames]]>
    </failure>
  </testcase> <!-- testDataBank_Case4 -->
</testsuite> <!-- Surefire test -->
